<?xml version="1.0" encoding="UTF-8"?>
<testsuite name="com.bridgelabz.parkinglotTest.ParkingLotTest" tests="1" skipped="0" failures="0" errors="0" timestamp="2020-05-02T06:09:05" hostname="Achu" time="0.008">
  <properties/>
  <testcase name="givenAVehicle_WhenParked_ShouldReturnTrue" classname="com.bridgelabz.parkinglotTest.ParkingLotTest" time="0.008"/>
  <system-out><![CDATA[]]></system-out>
  <system-err><![CDATA[]]></system-err>
</testsuite>
